<?xml version="1.0" encoding="UTF-8"?>
<!-- Generated by org.testng.reporters.JUnitXMLReporter -->
<testsuite ignored="0" hostname="DESKTOP-2JNUNH2" failures="1" tests="1" name="Test" time="1.807" errors="0" timestamp="2025-06-23T12:39:38 IST">
  <testcase classname="testCases.TC002_LoginHomeTest" name="Login" time="0.166">
    <failure type="junit.framework.AssertionFailedError">
      <![CDATA[junit.framework.AssertionFailedError
at junit.framework.Assert.fail(Assert.java:47)
at junit.framework.Assert.fail(Assert.java:53)
at testCases.TC002_LoginHomeTest.Login(TC002_LoginHomeTest.java:34)
at java.base/java.util.ArrayList.forEach(ArrayList.java:1596)
... Removed 25 stack frames]]>
    </failure>
  </testcase> <!-- Login -->
</testsuite> <!-- Test -->
