<?xml version="1.0" encoding="UTF-8"?>
<!-- Generated by org.testng.reporters.JUnitXMLReporter -->
<testsuite ignored="0" hostname="DESKTOP-2JNUNH2" failures="0" tests="3" name="chrometest" time="11.148" errors="0" timestamp="2025-06-20T09:09:41 IST">
  <testcase classname="test44.ParallelTesting" name="verifylogo" time="0.776"/>
  <testcase classname="test44.ParallelTesting" name="testtitle" time="0.169"/>
  <testcase classname="test44.ParallelTesting" name="testurl" time="0.02"/>
</testsuite> <!-- chrometest -->
