<?xml version="1.0" encoding="UTF-8"?>
<!-- Generated by org.testng.reporters.JUnitXMLReporter -->
<testsuite ignored="0" hostname="DESKTOP-2JNUNH2" failures="0" tests="3" name="edgetest" time="12.215" errors="0" timestamp="2025-06-20T09:09:42 IST">
  <testcase classname="test44.ParallelTesting" name="verifylogo" time="0.079"/>
  <testcase classname="test44.ParallelTesting" name="testtitle" time="0.014"/>
  <testcase classname="test44.ParallelTesting" name="testurl" time="0.013"/>
</testsuite> <!-- edgetest -->
