<?xml version="1.0" encoding="UTF-8"?>
<!-- Generated by org.testng.reporters.JUnitXMLReporter -->
<testsuite ignored="0" hostname="DESKTOP-2JNUNH2" failures="0" tests="3" name="firefoxtest" time="15.155" errors="0" timestamp="2025-06-20T09:09:45 IST">
  <testcase classname="test44.ParallelTesting" name="verifylogo" time="0.087"/>
  <testcase classname="test44.ParallelTesting" name="testtitle" time="0.01"/>
  <testcase classname="test44.ParallelTesting" name="testurl" time="0.006"/>
</testsuite> <!-- firefoxtest -->
