<?xml version="1.0" encoding="UTF-8"?>
<!-- Generated by org.testng.reporters.JUnitXMLReporter -->
<testsuite ignored="0" hostname="DESKTOP-2JNUNH2" failures="2" tests="5" name="Test" time="0.12" errors="0" timestamp="2025-06-20T11:35:23 IST">
  <testcase classname="test45.OrangeHrm1" name="openapp" time="0.021"/>
  <testcase classname="test45.OrangeHrm1" name="login" time="0.001"/>
  <testcase classname="test45.OrangeHrm1" name="search" time="0.009">
    <failure type="java.lang.AssertionError" message="expected [true] but found [false]">
      <![CDATA[java.lang.AssertionError: expected [true] but found [false]
at test45.OrangeHrm1.search(OrangeHrm1.java:23)
at java.base/java.util.ArrayList.forEach(ArrayList.java:1596)
... Removed 29 stack frames]]>
    </failure>
  </testcase> <!-- search -->
  <testcase classname="test45.OrangeHrm1" name="AdvanceSearch" time="0.0">
    <skipped/>
  </testcase> <!-- AdvanceSearch -->
  <testcase classname="test45.OrangeHrm1" name="logout" time="0.003">
    <failure type="java.lang.AssertionError" message="expected [true] but found [false]">
      <![CDATA[java.lang.AssertionError: expected [true] but found [false]
at test45.OrangeHrm1.logout(OrangeHrm1.java:31)
at java.base/java.util.ArrayList.forEach(ArrayList.java:1596)
... Removed 29 stack frames]]>
    </failure>
  </testcase> <!-- logout -->
</testsuite> <!-- Test -->
