<?xml version="1.0" encoding="UTF-8"?>
<!-- Generated by org.testng.reporters.JUnitXMLReporter -->
<testsuite ignored="0" hostname="DESKTOP-2JNUNH2" failures="0" tests="3" name="Test1" time="18.913" errors="0" timestamp="2025-06-20T08:49:26 IST">
  <testcase classname="test44.ParallelTesting" name="verifylogo" time="0.109"/>
  <testcase classname="test44.ParallelTesting" name="testtitle" time="0.027"/>
  <testcase classname="test44.ParallelTesting" name="testurl" time="0.022"/>
</testsuite> <!-- Test1 -->
