<?xml version="1.0" encoding="UTF-8"?>
<!-- Generated by org.testng.reporters.JUnitXMLReporter -->
<testsuite ignored="0" hostname="DESKTOP-2JNUNH2" failures="0" tests="3" name="Test2" time="21.626" errors="0" timestamp="2025-06-20T08:49:28 IST">
  <testcase classname="test44.ParallelTesting" name="verifylogo" time="0.057"/>
  <testcase classname="test44.ParallelTesting" name="testtitle" time="0.036"/>
  <testcase classname="test44.ParallelTesting" name="testurl" time="0.022"/>
</testsuite> <!-- Test2 -->
