<?xml version="1.0" encoding="UTF-8"?>
<testng-results ignored="0" total="1" passed="1" failed="0" skipped="0">
  <reporter-output>
  </reporter-output>
  <suite started-at="2025-06-23T13:47:22 IST" name="Master Suite" finished-at="2025-06-23T13:47:38 IST" duration-ms="15954">
    <groups>
    </groups>
    <test started-at="2025-06-23T13:47:22 IST" name="Linux-Chrome" finished-at="2025-06-23T13:47:38 IST" duration-ms="15954">
      <class name="testCases.TC002_LoginHomeTest">
        <test-method is-config="true" signature="setup(java.lang.String,java.lang.String)[pri:0, instance:testCases.TC002_LoginHomeTest@4116aac9]" started-at="2025-06-23T13:47:22 IST" name="setup" finished-at="2025-06-23T13:47:34 IST" duration-ms="12274" status="PASS">
          <params>
            <param index="0">
              <value>
                <![CDATA[Linux]]>
              </value>
            </param>
            <param index="1">
              <value>
                <![CDATA[firefox]]>
              </value>
            </param>
          </params>
          <reporter-output>
          </reporter-output>
        </test-method> <!-- setup -->
        <test-method signature="Login()[pri:0, instance:testCases.TC002_LoginHomeTest@4116aac9]" started-at="2025-06-23T13:47:34 IST" name="Login" finished-at="2025-06-23T13:47:38 IST" duration-ms="3579" status="PASS">
          <reporter-output>
          </reporter-output>
        </test-method> <!-- Login -->
        <test-method is-config="true" signature="tearDown()[pri:0, instance:testCases.TC002_LoginHomeTest@4116aac9]" started-at="2025-06-23T13:47:38 IST" name="tearDown" finished-at="2025-06-23T13:47:38 IST" duration-ms="1" status="PASS">
          <reporter-output>
          </reporter-output>
        </test-method> <!-- tearDown -->
      </class> <!-- testCases.TC002_LoginHomeTest -->
    </test> <!-- Linux-Chrome -->
  </suite> <!-- Master Suite -->
</testng-results>
