<?xml version="1.0" encoding="UTF-8"?>
<testng-results ignored="0" total="1" passed="1" failed="0" skipped="0">
  <reporter-output>
  </reporter-output>
  <suite started-at="2025-06-21T12:47:08 IST" name="Master Suite" finished-at="2025-06-21T12:47:15 IST" duration-ms="6658">
    <groups>
    </groups>
    <test started-at="2025-06-21T12:47:08 IST" name="Test" finished-at="2025-06-21T12:47:15 IST" duration-ms="6658">
      <class name="testCases.TC002_LoginHomeTest">
        <test-method is-config="true" signature="setup(java.lang.String,java.lang.String)[pri:0, instance:testCases.TC002_LoginHomeTest@1fa121e2]" started-at="2025-06-21T12:47:08 IST" name="setup" finished-at="2025-06-21T12:47:13 IST" duration-ms="4453" status="PASS">
          <params>
            <param index="0">
              <value>
                <![CDATA[windows]]>
              </value>
            </param>
            <param index="1">
              <value>
                <![CDATA[chrome]]>
              </value>
            </param>
          </params>
          <reporter-output>
          </reporter-output>
        </test-method> <!-- setup -->
        <test-method signature="Login()[pri:0, instance:testCases.TC002_LoginHomeTest@1fa121e2]" started-at="2025-06-21T12:47:13 IST" name="Login" finished-at="2025-06-21T12:47:15 IST" duration-ms="2131" status="PASS">
          <reporter-output>
          </reporter-output>
        </test-method> <!-- Login -->
        <test-method is-config="true" signature="tearDown()[pri:0, instance:testCases.TC002_LoginHomeTest@1fa121e2]" started-at="2025-06-21T12:47:15 IST" name="tearDown" finished-at="2025-06-21T12:47:15 IST" duration-ms="2" status="PASS">
          <reporter-output>
          </reporter-output>
        </test-method> <!-- tearDown -->
      </class> <!-- testCases.TC002_LoginHomeTest -->
    </test> <!-- Test -->
  </suite> <!-- Master Suite -->
</testng-results>
