<?xml version="1.0" encoding="UTF-8"?>
<!-- Generated by org.testng.reporters.JUnitXMLReporter -->
<testsuite ignored="6" hostname="DESKTOP-2JNUNH2" failures="0" tests="2" name="Test2" time="0.072" errors="0" timestamp="2025-06-19T19:44:56 IST">
  <testcase classname="test43.PaymentAccount" name="PaymentRupees" time="0.009"/>
  <testcase classname="test43.PaymentAccount" name="PaymentDollars" time="0.001"/>
  <testcase classname="test43.LoginAccount" name="facebook" time="0.0">
    <ignored/>
  </testcase> <!-- facebook -->
  <testcase classname="test43.SigninAccount" name="twitter" time="0.0">
    <ignored/>
  </testcase> <!-- twitter -->
  <testcase classname="test43.SigninAccount" name="SignEmail" time="0.0">
    <ignored/>
  </testcase> <!-- SignEmail -->
  <testcase classname="test43.LoginAccount" name="Email" time="0.0">
    <ignored/>
  </testcase> <!-- Email -->
  <testcase classname="test43.SigninAccount" name="Signfacebook" time="0.0">
    <ignored/>
  </testcase> <!-- Signfacebook -->
  <testcase classname="test43.LoginAccount" name="twitter" time="0.0">
    <ignored/>
  </testcase> <!-- twitter -->
</testsuite> <!-- Test2 -->
